Build started: 2026-06-29T20:27:08

1: Warm Welcome (warm_welcome)
	Processing Storepoint data
	WARNING: Unlikely coordinates (40.742888, -84.116778) so geocoding based on NP12 8NW
	WARNING: Unlikely coordinates (40.703013, -73.990639) so geocoding based on BT31 9DQ
	WARNING: Unlikely coordinates (44.987597, -85.254636) so geocoding based on BT43 6EB
	Added 4999 features (4999 geocoded).
	Total = 4999
	Processed in 9 seconds
2: Warm spaces (warm_spaces)
3: Aberdeen City Council (aberdeen_city_council)
	Parsing web page using scrapers/aberdeen_city_council.pl (2656 bytes)
	WARNING: No features found in web page.
	Added 0 features (0 geocoded).
	Total = 4999
	Processed in 1 second
4: Aberdeenshire Council (aberdeenshire_council)
	Parsing web page using scrapers/aberdeenshire_council.pl (29555 bytes)
	WARNING: No features found in web page.
	Parsing web page using scrapers/aberdeenshire_council.pl (29533 bytes)
	WARNING: No features found in web page.
	Parsing web page using scrapers/aberdeenshire_council.pl (29543 bytes)
	WARNING: No features found in web page.
	Parsing web page using scrapers/aberdeenshire_council.pl (29537 bytes)
	WARNING: No features found in web page.
	Parsing web page using scrapers/aberdeenshire_council.pl (29563 bytes)
	WARNING: No features found in web page.
	Parsing web page using scrapers/aberdeenshire_council.pl (29529 bytes)
	WARNING: No features found in web page.
	Added 0 features (0 geocoded).
	Total = 4999
	Processed in 2 seconds
5: Adur and Worthing Council (adur_and_worthing_council)
	Getting Google Maps pageData
	Getting Google Maps kmz from https://www.google.com/maps/d/kml?mid=10Pl9rx9V9oh_owU5nUCG7UsOtP41vp4&resourcekey&lid=O-8SM5N4wKc
	Unzipping kmz
	Added 16 features (16 geocoded).
	Total = 5015
6: Angus Council (angus_council)
	Parsing web page using scrapers/angus_council.pl (47559 bytes)
	Parsing web page using scrapers/angus_council.pl (47451 bytes)
	Parsing web page using scrapers/angus_council.pl (47883 bytes)
	Parsing web page using scrapers/angus_council.pl (49804 bytes)
	Parsing web page using scrapers/angus_council.pl (46354 bytes)
	WARNING: No features found in web page.
	Parsing web page using scrapers/angus_council.pl (46778 bytes)
	Parsing web page using scrapers/angus_council.pl (47353 bytes)
	Added 16 features (4 geocoded).
	Total = 5031
	Processed in 4 seconds
7: Ards and North Down Council (ards_and_north_down_council)
8: Argyll and Bute Third Sector Interface (argyll_and_bute_third_sector_interface)
	Parsing web page using scrapers/argyll_and_bute_third_sector_interface.pl (108650 bytes)
	Added 35 features (35 geocoded).
	Total = 5066
	Processed in 1 second
9: Armagh City, Bandridge and Craigavon Council (armagh_city__bandridge_and_craigavon_council)
10: Banbury Town Council (banbury_town_council)
11: Barnet Council (barnet_council)
	Parsing web page using scrapers/barnet_council.pl (6183 bytes)
	WARNING: No features found in web page.
	Added 0 features (0 geocoded).
	Total = 5066
12: Barnsley Council (barnsley_council)
	Parsing web page using scrapers/barnsley_council.pl (56638 bytes)
	Added 24 features (24 geocoded).
	Total = 5090
	Processed in 2 seconds
13: Barrow Council (barrow_council)
14: Basildon Council (basildon_council)
15: Bassetlaw CVS (bassetlaw_cvs)
	Processing GeoJSON
	Added 41 features (41 geocoded).
	Total = 5131
16: Bath and North East Somerset Council (bath_and_north_east_somerset_council)
	Parsing web page using scrapers/bath_and_north_east_somerset_council.pl (32831 bytes)
	WARNING: No features found in web page.
	Added 0 features (0 geocoded).
	Total = 5131
	Processed in 1 second
17: Bedford Council (bedford_council)
	Parsing web page using scrapers/bedford_council.pl (36019 bytes)
	Added 6 features (5 geocoded).
	Total = 5137
	Processed in 1 second
18: Belfast Council (belfast_council)
19: Bexley Council (bexley_council)
	Parsing web page using scrapers/bexley_council.pl (72148 bytes)
	Added 16 features (16 geocoded).
	Total = 5153
	Processed in 1 second
20: Birmingham Council (birmingham_council)
	Parsing web page using scrapers/birmingham_council.pl (119152 bytes)
	Added 358 features (307 geocoded).
	Total = 5511
	Processed in 198 seconds
21: Bolton at Home (bolton_at_home)
22: Boston Borough Council (boston_borough_council)
	Parsing web page using scrapers/boston_borough_council.pl (5416 bytes)
	WARNING: No JSON returned from scraper
	WARNING: No features found in web page.
	Added 0 features (0 geocoded).
	Total = 5511
23: Bournemouth, Christchurch and Poole (bournemouth__christchurch_and_poole)
	Parsing web page using scrapers/bournemouth__christchurch_and_poole.pl (131152 bytes)
	Added 80 features (75 geocoded).
	Total = 5591
	Processed in 5 seconds
24: Bracknell Forest Council (bracknell_forest_council)
25: Bradford Council (bradford_council)
	Parsing web page using scrapers/bradford_council.pl (184813 bytes)
	Added 127 features (127 geocoded).
	Total = 5718
	Processed in 7 seconds
26: Bradford on Avon Council (bradford_on_avon_council)
27: Braintree Council (braintree_council)
	Parsing web page using scrapers/braintree_council.pl (146796 bytes)
	Added 34 features (34 geocoded).
	Total = 5752
28: Breckland Council (breckland_council)
29: Brent (brent)
30: Bridgend Council (bridgend_council)
31: Bridgend Association of Voluntary Organisations (bridgend_association_of_voluntary_organisations)
	Parsing web page using scrapers/bridgend_association_of_voluntary_organisations.pl (61866 bytes)
	Added 43 features (28 geocoded).
	Total = 5795
	Processed in 8 seconds
32: Brighton & Hove Council (brighton___hove_council)
	Parsing web page using scrapers/brighton___hove_council.pl (230703 bytes)
	Added 52 features (0 geocoded).
	Total = 5847
	Processed in 10 seconds
33: Bristol Council (bristol_council)
	Processing GeoJSON
	Added 53 features (53 geocoded).
	Total = 5900
	Processed in 1 second
34: Broadland and South Norfolk Council (broadland_and_south_norfolk_council)
35: Bromley Well (bromley_well)
	Getting Google Maps pageData
	Getting Google Maps kmz from https://www.google.com/maps/d/kml?mid=17_SgSZLOLQgzkig4vVXQHIBOic0q_7E&resourcekey&lid=1iudOV90jxU
	Unzipping kmz
	Getting Google Maps kmz from https://www.google.com/maps/d/kml?mid=17_SgSZLOLQgzkig4vVXQHIBOic0q_7E&resourcekey&lid=Cl3w8S4i7jQ
	Unzipping kmz
	Added 22 features (22 geocoded).
	Total = 5922
	Processed in 112 seconds
36: Buckinghamshire Council (buckinghamshire_council)
	Parsing web page using scrapers/buckinghamshire_council.pl (145386 bytes)
	Added 35 features (35 geocoded).
	Total = 5957
37: Burnley Council (burnley_council)
	Parsing web page using scrapers/burnley_council.pl (103428 bytes)
	Added 25 features (25 geocoded).
	Total = 5982
	Processed in 2 seconds
38: Bury Directory (bury_directory)
	Parsing web page using scrapers/bury_directory.pl (1597746 bytes)
	Added 27 features (22 geocoded).
	Total = 6009
	Processed in 1 second
39: Calderdale Council (calderdale_council)
	Processing GeoJSON
	Added 57 features (57 geocoded).
	Total = 6066
	Processed in 1 second
40: Cambridge Council (cambridge_council)
41: Cambridgeshire ACRE (cambridgeshire_acre)
	Parsing web page using scrapers/cambridgeshire_acre.pl (185 bytes)
	WARNING: No features found in web page.
	Added 0 features (0 geocoded).
	Total = 6066
42: Camden Council (camden_council)
	Processing GeoJSON
	Added 48 features (48 geocoded).
	Total = 6114
	Processed in 2 seconds
43: Cannock Chase Council (cannock_chase_council)
44: Carefree Cornwall (carefree_cornwall)
	Getting Google Maps pageData
	Getting Google Maps kmz from https://www.google.com/maps/d/kml?mid=1Zb6kSYdWEp1eX8dAoch_ezTuaEzYSQ4&resourcekey&lid=MquWQjyo3WM
	Unzipping kmz
	Added 74 features (69 geocoded).
	Total = 6188
	Processed in 1 second
45: Causeway Coast and Glens Council (causeway_coast_and_glens_council)
	Processing GeoJSON
	Added 43 features (43 geocoded).
	Total = 6231
46: Central Bedfordshire Council (central_bedfordshire_council)
	Parsing web page using scrapers/central_bedfordshire_council.pl (52455 bytes)
	Added 64 features (59 geocoded).
	Total = 6295
	Processed in 36 seconds
47: Ceredigion Council (ceredigion_council)
	Getting Google Maps pageData
	Getting Google Maps kmz from https://www.google.com/maps/d/kml?mid=1skpEIxs2eV_I-kb9soJedAMgDeei9io&resourcekey&lid=n1Ur6rfW4iU
	Unzipping kmz
	Added 47 features (45 geocoded).
	Total = 6342
48: Charnwood Council (charnwood_council)
49: Chelmsford Connects (chelmsford_connects)
	Parsing web page using scrapers/chelmsford_connects.pl (185 bytes)
	WARNING: No features found in web page.
	Added 0 features (0 geocoded).
	Total = 6342
	Processed in 1 second
50: Cheltenham Council (cheltenham_council)
	Parsing web page using scrapers/cheltenham_council.pl (15390 bytes)
	WARNING: No features found in web page.
	Added 0 features (0 geocoded).
	Total = 6342
	Processed in 1 second
51: Cherwell Council (cherwell_council)
	Processing GeoJSON
	Added 41 features (41 geocoded).
	Total = 6383
52: Cheshire East Council (cheshire_east_council)
	Parsing web page using scrapers/cheshire_east_council.pl (179 bytes)
	WARNING: No features found in web page.
	Added 0 features (0 geocoded).
	Total = 6383
	Processed in 1 second
53: Cheshire West and Chester Council (cheshire_west_and_chester_council)
54: Chesterfield Council (chesterfield_council)
	Getting Google Maps pageData
	Getting Google Maps kmz from https://www.google.com/maps/d/kml?mid=1JrCSjycja_aUlPvSTs5YeqkGhaRwNw8&resourcekey&lid=tqSgbSBvQ6I
	Unzipping kmz
	Added 0 features (0 geocoded).
	Total = 6383
	Processed in 101 seconds
55: Chichester Deanery (chichester_deanery)
56: Chorley Council (chorley_council)
	Parsing web page using scrapers/chorley_council.pl (46670 bytes)
	WARNING: No features found in web page.
	Added 0 features (0 geocoded).
	Total = 6383
	Processed in 1 second
57: City of London (city_of_london)
58: Colchester Council (colchester_council)
	Getting Google Maps pageData
	Getting Google Maps kmz from https://www.google.com/maps/d/kml?mid=1fSLMBDw-ksZ1RPuB9cUDSczeKpBa36M&resourcekey&lid=NC1vrlSJuUs
	Unzipping kmz
	Getting Google Maps kmz from https://www.google.com/maps/d/kml?mid=1fSLMBDw-ksZ1RPuB9cUDSczeKpBa36M&resourcekey&lid=CdVfimNI67I
	Unzipping kmz
	Getting Google Maps kmz from https://www.google.com/maps/d/kml?mid=1fSLMBDw-ksZ1RPuB9cUDSczeKpBa36M&resourcekey&lid=-OlFSrfenP8
	Unzipping kmz
	Getting Google Maps kmz from https://www.google.com/maps/d/kml?mid=1fSLMBDw-ksZ1RPuB9cUDSczeKpBa36M&resourcekey&lid=QAx8tJhNh2U
	Unzipping kmz
	Added 50 features (50 geocoded).
	Total = 6433
	Processed in 244 seconds
59: Communities 1st (communities_1st)
	Parsing web page using scrapers/communities_1st.pl (185 bytes)
	WARNING: No features found in web page.
	Added 0 features (0 geocoded).
	Total = 6433
	Processed in 1 second
60: Community Action Derby (community_action_derby)
	Parsing web page using scrapers/community_action_derby.pl (185 bytes)
	WARNING: No features found in web page.
	Added 0 features (0 geocoded).
	Total = 6433
61: Coventry Council (coventry_council)
	Parsing web page using scrapers/coventry_council.pl (109538 bytes)
	Added 60 features (60 geocoded).
	Total = 6493
	Processed in 29 seconds
62: Croydon Council (croydon_council)
	Parsing web page using scrapers/croydon_council.pl (139968 bytes)
	Added 26 features (26 geocoded).
	Total = 6519
	Processed in 3 seconds
63: Croydon Simply Connect (croydon_simply_connect)
	Parsing web page using scrapers/croydon_simply_connect.pl (54448 bytes)
	Added 19 features (19 geocoded).
	Total = 6538
	Processed in 1 second
64: Cumberland Council (cumberland_council)
	Parsing web page using scrapers/cumberland_council.pl (131533 bytes)
	Added 31 features (31 geocoded).
	Total = 6569
	Processed in 1 second
65: Cumbria Council (cumbria_council)
66: Cyngor Gwynedd (cyngor_gwynedd)
	Getting Google Maps pageData
	Getting Google Maps kmz from https://www.google.com/maps/d/kml?mid=1x04iINvNfqHSAA0QmGuZBaizs8KCvXs&resourcekey&lid=1pw4HGkTdPo
	Unzipping kmz
	Added 244 features (236 geocoded).
	Total = 6813
	Processed in 1 second
67: Derbyshire Council (derbyshire_council)
68: Derbyshire Dales Council (derbyshire_dales_council)
69: Devizes Council (devizes_council)
70: Dover Council (dover_council)
71: Durham County Council (durham_county_council)
	Parsing web page using scrapers/durham_county_council.pl (43811 bytes)
	WARNING: No features found in web page.
	Added 0 features (0 geocoded).
	Total = 6813
	Processed in 2 seconds
72: Ealing Council (ealing_council)
	Parsing web page using scrapers/ealing_council.pl (37362 bytes)
	Added 47 features (47 geocoded).
	Total = 6860
	Processed in 2 seconds
73: East Ayrshire Council (east_ayrshire_council)
	Getting Google Maps pageData
	Getting Google Maps kmz from https://www.google.com/maps/d/kml?mid=1_-Q0RGWdJtKksfhUaA0EF-z-88zUvy4&resourcekey&lid=59J7OzSf3nQ
	Unzipping kmz
	Added 44 features (44 geocoded).
	Total = 6904
74: East Lindsey Council (east_lindsey_council)
	Getting Google Maps pageData
	Getting Google Maps kmz from https://www.google.com/maps/d/kml?mid=1mtJyfW1oQ-BZ7lFJh7nRjedxtwPlsFc&resourcekey&lid=z6a0zpTzgq0
	Unzipping kmz
	Added 23 features (23 geocoded).
	Total = 6927
75: East Staffordshire Council (east_staffordshire_council)
	Parsing web page using scrapers/east_staffordshire_council.pl ( bytes)
	WARNING: No JSON returned from scraper
	WARNING: No features found in web page.
	Added 0 features (0 geocoded).
	Total = 6927
	Processed in 10 seconds
76: Eastleigh Council (eastleigh_council)
77: Edinburgh Council (edinburgh_council)
	Processing GeoJSON
	Processing GeoJSON
	Processing GeoJSON
	Processing GeoJSON
	Added 76 features (76 geocoded).
	Total = 7003
	Processed in 2 seconds
78: Enfield Council (enfield_council)
79: Enfield Food Alliance (enfield_food_alliance)
80: Essex Map (essex_map)
	Parsing web page using scrapers/essex_map.pl (5987 bytes)
	WARNING: No features found in web page.
	Added 0 features (0 geocoded).
	Total = 7003
81: Exeter Council (exeter_council)
82: Fife Council (fife_council)
	Getting Google Maps pageData
	Getting Google Maps kmz from https://www.google.com/maps/d/kml?mid=1icpsjK7hfUSOabXLw-ccXrFkSiX9-lc&resourcekey&lid=VKz1AUB7YH8
	Unzipping kmz
	Added 60 features (58 geocoded).
	Total = 7063
83: Frome Council (frome_council)
84: Fylde Council (fylde_council)
	Parsing web page using scrapers/fylde_council.pl (185 bytes)
	WARNING: No features found in web page.
	Added 0 features (0 geocoded).
	Total = 7063
	Processed in 1 second
85: Gateshead Council (gateshead_council)
86: Gedling Council (gedling_council)
	Parsing web page using scrapers/gedling_council.pl (66391 bytes)
	Added 35 features (33 geocoded).
	Total = 7098
	Processed in 1 second
87: Glasgow Council (glasgow_council)
88: Gloucester Council (gloucester_council)
89: Greenwich Council (greenwich_council)
90: Hackney Council (hackney_council)
91: Haringey Council (haringey_council)
92: Harlow Council (harlow_council)
93: Harrogate NetMakers (harrogate_netmakers)
	Getting Google Maps pageData
	Getting Google Maps kmz from https://www.google.com/maps/d/kml?mid=132pQ79bvABq8HA9j_OZAI39Gb7rkXuY&resourcekey&lid=0HHhcZN0zss
	Unzipping kmz
	Added 15 features (15 geocoded).
	Total = 7113
94: Havant Council (havant_council)
95: Havering Council (havering_council)
	Parsing web page using scrapers/havering_council.pl (44136 bytes)
	Added 10 features (8 geocoded).
	Total = 7123
	Processed in 1 second
96: #HelpAndKindness (_helpandkindness)
	Parsing web page using scrapers/_helpandkindness.pl (5720 bytes)
	WARNING: No features found in web page.
	Added 0 features (0 geocoded).
	Total = 7123
	Processed in 1 second
97: Herefordshire Council (herefordshire_council)
	Getting Google Maps pageData
	Getting Google Maps kmz from https://www.google.com/maps/d/kml?mid=1_t4olAcd46ls5NEpxD3mMnCkm4uAav4&resourcekey&lid=ifi_on_aGXI
	Unzipping kmz
	Added 43 features (43 geocoded).
	Total = 7166
98: Hertfordshire Council (hertfordshire_council)
	Parsing web page using scrapers/hertfordshire_council.pl (58984 bytes)
	Added 72 features (72 geocoded).
	Total = 7238
	Processed in 39 seconds
99: High Peak Council (high_peak_council)
	Parsing web page using scrapers/high_peak_council.pl (68844 bytes)
	Added 13 features (10 geocoded).
	Total = 7251
	Processed in 1 second
100: Hinckley and Bosworth Council (hinckley_and_bosworth_council)
	Parsing web page using scrapers/hinckley_and_bosworth_council.pl (34591 bytes)
	Added 43 features (42 geocoded).
	Total = 7294
	Processed in 3 seconds
101: Horsham District (horsham_district)
102: Hounslow Council (hounslow_council)
103: Hull Council (hull_council)
	Processing GeoJSON
	GeoJSON looks like an array
	WARNING: Coordinates seem to be an array so calculating centre.
	WARNING: Coordinates seem to be an array so calculating centre.
	WARNING: Coordinates seem to be an array so calculating centre.
	WARNING: Coordinates seem to be an array so calculating centre.
	WARNING: Coordinates seem to be an array so calculating centre.
	WARNING: Coordinates seem to be an array so calculating centre.
	WARNING: Coordinates seem to be an array so calculating centre.
	WARNING: Coordinates seem to be an array so calculating centre.
	WARNING: Coordinates seem to be an array so calculating centre.
	WARNING: Coordinates seem to be an array so calculating centre.
	WARNING: Coordinates seem to be an array so calculating centre.
	WARNING: Coordinates seem to be an array so calculating centre.
	WARNING: Coordinates seem to be an array so calculating centre.
	WARNING: Coordinates seem to be an array so calculating centre.
	WARNING: Coordinates seem to be an array so calculating centre.
	WARNING: Coordinates seem to be an array so calculating centre.
	WARNING: Coordinates seem to be an array so calculating centre.
	WARNING: Coordinates seem to be an array so calculating centre.
	WARNING: Coordinates seem to be an array so calculating centre.
	WARNING: Coordinates seem to be an array so calculating centre.
	WARNING: Coordinates seem to be an array so calculating centre.
	WARNING: Coordinates seem to be an array so calculating centre.
	WARNING: Coordinates seem to be an array so calculating centre.
	WARNING: Coordinates seem to be an array so calculating centre.
	WARNING: Coordinates seem to be an array so calculating centre.
	WARNING: Coordinates seem to be an array so calculating centre.
	WARNING: Coordinates seem to be an array so calculating centre.
	WARNING: Coordinates seem to be an array so calculating centre.
	WARNING: Coordinates seem to be an array so calculating centre.
	WARNING: Coordinates seem to be an array so calculating centre.
	WARNING: Coordinates seem to be an array so calculating centre.
	WARNING: Coordinates seem to be an array so calculating centre.
	WARNING: Coordinates seem to be an array so calculating centre.
	WARNING: Coordinates seem to be an array so calculating centre.
	WARNING: Coordinates seem to be an array so calculating centre.
	WARNING: Coordinates seem to be an array so calculating centre.
	WARNING: Coordinates seem to be an array so calculating centre.
	WARNING: Coordinates seem to be an array so calculating centre.
	WARNING: Coordinates seem to be an array so calculating centre.
	WARNING: Coordinates seem to be an array so calculating centre.
	WARNING: Coordinates seem to be an array so calculating centre.
	WARNING: Coordinates seem to be an array so calculating centre.
	WARNING: Coordinates seem to be an array so calculating centre.
	WARNING: Coordinates seem to be an array so calculating centre.
	WARNING: Coordinates seem to be an array so calculating centre.
	WARNING: Coordinates seem to be an array so calculating centre.
	WARNING: Coordinates seem to be an array so calculating centre.
	WARNING: Coordinates seem to be an array so calculating centre.
	WARNING: Coordinates seem to be an array so calculating centre.
	Added 49 features (49 geocoded).
	Total = 7343
	Processed in 2 seconds
104: Huntingdonshire Council (huntingdonshire_council)
	Parsing web page using scrapers/huntingdonshire_council.pl (167514 bytes)
	Added 35 features (35 geocoded).
	Total = 7378
	Processed in 1 second
105: Ipswich Council (ipswich_council)
106: Isle of Wight Council (isle_of_wight_council)
	Parsing web page using scrapers/isle_of_wight_council.pl (5869 bytes)
	WARNING: No features found in web page.
	Added 0 features (0 geocoded).
	Total = 7378
	Processed in 1 second
107: Kensington and Chelsea (kensington_and_chelsea)
108: Kingston Council (kingston_council)
109: Kirklees Council (kirklees_council)
	Parsing web page using scrapers/kirklees_council.pl (5224 bytes)
	Added 24 features (24 geocoded).
	Total = 7402
110: Lambeth Council (lambeth_council)
	Parsing web page using scrapers/lambeth_council.pl (919 bytes)
	WARNING: No features found in web page.
	Added 0 features (0 geocoded).
	Total = 7402
	Processed in 1 second
111: Lancashire Council (lancashire_council)
	Processing GeoJSON
	Processing GeoJSON
	WARNING: No features for Lancashire Council
	Added 100 features (100 geocoded).
	Total = 7502
112: Lancaster Council (lancaster_council)
113: Leeds City Council (leeds_city_council)
	Parsing web page using scrapers/leeds_city_council.pl (326137 bytes)
	WARNING: No JSON returned from scraper
	WARNING: No features found in web page.
	Added 0 features (0 geocoded).
	Total = 7502
	Processed in 2 seconds
114: Leicester Council (leicester_council)
115: Lewes and Eastbourne Council (lewes_and_eastbourne_council)
	Parsing web page using scrapers/lewes_and_eastbourne_council.pl (5556 bytes)
	WARNING: No features found in web page.
	Added 0 features (0 geocoded).
	Total = 7502
116: Lewisham Local (lewisham_local)
	Getting Google Maps pageData
	Getting Google Maps kmz from https://www.google.com/maps/d/kml?mid=1oy8WfEERTci8pza4RbEsbmUehdkjg3g&resourcekey&lid=bqTdl2gIAYs
	Unzipping kmz
	Getting Google Maps kmz from https://www.google.com/maps/d/kml?mid=1oy8WfEERTci8pza4RbEsbmUehdkjg3g&resourcekey&lid=DnTz7j3hIxc
	Unzipping kmz
	Getting Google Maps kmz from https://www.google.com/maps/d/kml?mid=1oy8WfEERTci8pza4RbEsbmUehdkjg3g&resourcekey&lid=SA_-maBnVhQ
	Unzipping kmz
	Added 97 features (95 geocoded).
	Total = 7599
	Processed in 13 seconds
117: Lichfield Council (lichfield_council)
	Parsing web page using scrapers/lichfield_council.pl (48398 bytes)
	Added 19 features (0 geocoded).
	Total = 7618
	Processed in 16 seconds
118: Looe Town Council (looe_town_council)
119: Luton Council (luton_council)
	Parsing web page using scrapers/luton_council.pl (122687 bytes)
	Added 19 features (19 geocoded).
	Total = 7637
	Processed in 3 seconds
120: Malvern Hills Council (malvern_hills_council)
121: Manchester Council (manchester_council)
122: Mansfield Council (mansfield_council)
123: Merton Council (merton_council)
124: Mid and East Antrim Council (mid_and_east_antrim_council)
125: Midlothian Council (midlothian_council)
	Parsing web page using scrapers/midlothian_council.pl (54726 bytes)
	Added 14 features (12 geocoded).
	Total = 7651
	Processed in 1 second
126: Middlesbrough Council (middlesbrough_council)
127: Neath Port Talbot Council (neath_port_talbot_council)
	Parsing web page using scrapers/neath_port_talbot_council.pl (234316 bytes)
	Added 52 features (52 geocoded).
	Total = 7703
	Processed in 2 seconds
128: Newcastle under Lyme Council (newcastle_under_lyme_council)
129: Newham Council (newham_council)
130: Norfolk Community Foundation (norfolk_community_foundation)
	Getting Google Maps pageData
	Getting Google Maps kmz from https://www.google.com/maps/d/kml?mid=1PlhA0LQ2nYqDdl1omiaYhgz_xM_VAT0&resourcekey&lid=zxRJqTid3-E
	Unzipping kmz
	Added 78 features (5 geocoded).
	Total = 7781
	Processed in 11 seconds
131: North Devon Council (north_devon_council)
132: North East Derbyshire (north_east_derbyshire)
133: North Herts Council (north_herts_council)
134: North Northamptonshire Council (north_northamptonshire_council)
135: North Somerset Council (north_somerset_council)
136: North Yorkshire Council (north_yorkshire_council)
137: Northumberland County Council (northumberland_county_council)
	Unzipping xlsx to extract data from sheet2 (raw/northumberland_county_council.xls)
	There are 0 rows in sheet sheet2
	Added 0 features (0 geocoded).
	Total = 7781
138: Oxford Council (oxford_council)
	Getting Google Maps pageData
	Getting Google Maps kmz from https://www.google.com/maps/d/kml?mid=1Dsla6w3UdjubT3ZLY5UhZe3KGBNa2xg&resourcekey&lid=71BboqKSgL4
	Unzipping kmz
	Added 43 features (43 geocoded).
	Total = 7824
	Processed in 1 second
139: Perth and Kinross Council (perth_and_kinross_council)
	Processing GeoJSON
	Added 114 features (114 geocoded).
	Total = 7938
	Processed in 2 seconds
140: Peterborough Council (peterborough_council)
141: Places for People (places_for_people)
	Parsing web page using scrapers/places_for_people.pl (1028590 bytes)
	Added 33 features (27 geocoded).
	Total = 7971
	Processed in 8 seconds
142: Plymouth Council (plymouth_council)
143: Portsmouth Council (portsmouth_council)
144: Powys Council (powys_council)
	Parsing web page using scrapers/powys_council.pl (5429 bytes)
	WARNING: No features found in web page.
	Added 0 features (0 geocoded).
	Total = 7971
	Processed in 1 second
145: Preston Council (preston_council)
146: Reading Council (reading_council)
147: Redcar and Cleveland Council (redcar_and_cleveland_council)
	Parsing web page using scrapers/redcar_and_cleveland_council.pl (118 bytes)
	WARNING: No features found in web page.
	Parsing web page using scrapers/redcar_and_cleveland_council.pl (118 bytes)
	WARNING: No features found in web page.
	Parsing web page using scrapers/redcar_and_cleveland_council.pl (118 bytes)
	WARNING: No features found in web page.
	Added 0 features (0 geocoded).
	Total = 7971
	Processed in 1 second
148: Richmond upon Thames Council (richmond_upon_thames_council)
	Parsing web page using scrapers/richmond_upon_thames_council.pl (240545 bytes)
	Added 99 features (98 geocoded).
	Total = 8070
	Processed in 2 seconds
149: Rochdale Council (rochdale_council)
	Getting Google Maps pageData
	Getting Google Maps kmz from https://www.google.com/maps/d/kml?mid=1qaajLgcGvWqN34TRBrlLoZs3Ac6WfP4&resourcekey&lid=mpvQeT_0Hxs
	Unzipping kmz
	Getting Google Maps kmz from https://www.google.com/maps/d/kml?mid=1qaajLgcGvWqN34TRBrlLoZs3Ac6WfP4&resourcekey&lid=aAb9OWX91aU
	Unzipping kmz
	Added 26 features (26 geocoded).
	Total = 8096
150: Rotherham Council (rotherham_council)
151: Rugby Council (rugby_council)
	Parsing web page using scrapers/rugby_council.pl (138578 bytes)
	Added 9 features (8 geocoded).
	Total = 8105
	Processed in 1 second
152: Ryedale Council (ryedale_council)
153: Salisbury Council (salisbury_council)
154: Sandwell Council (sandwell_council)
	Parsing web page using scrapers/sandwell_council.pl (164173 bytes)
	Added 45 features (45 geocoded).
	Total = 8150
	Processed in 1 second
155: Scarborough Council (scarborough_council)
156: Sefton Council (sefton_council)
	Parsing web page using scrapers/sefton_council.pl (74324 bytes)
	Added 35 features (34 geocoded).
	Total = 8185
	Processed in 1 second
157: Sefton CVS (sefton_cvs)
	Getting Google Maps pageData
	Getting Google Maps kmz from https://www.google.com/maps/d/kml?mid=1ufQzUkVn58B6Hw1pTwvmGTYWtSE2DRA&resourcekey&lid=ffKRWzYZG8A
	Unzipping kmz
	Added 34 features (34 geocoded).
	Total = 8219
158: Sevenoaks Council (sevenoaks_council)
	Parsing web page using scrapers/sevenoaks_council.pl (37421 bytes)
	Added 21 features (21 geocoded).
	Total = 8240
	Processed in 16 seconds
159: Sheffield VAS (sheffield_vas)
	Processing CSV
	Added 197 features (197 geocoded).
	Total = 8437
	Processed in 2 seconds
160: South Cambs Council (south_cambs_council)
	Getting Google Maps pageData
	Getting Google Maps kmz from https://www.google.com/maps/d/kml?mid=1agvlRj_UnyGXZwMB6WdLKiH8WS-7wf8&resourcekey&lid=tbF15j2GqK0
	Unzipping kmz
	Added 10 features (10 geocoded).
	Total = 8447
	Processed in 1 second
161: South Tyneside Council (south_tyneside_council)
162: Southwalk Council (southwalk_council)
	Parsing web page using scrapers/southwalk_council.pl (88968 bytes)
	Added 63 features (56 geocoded).
	Total = 8510
	Processed in 2 seconds
163: Spark Somerset (spark_somerset)
	Getting Google Maps pageData
	Getting Google Maps kmz from https://www.google.com/maps/d/kml?mid=1UzcEkxxuRfH0v501VVNag_twR9CnhZM&resourcekey&lid=SFB7Yj-VlCY
	Unzipping kmz
	Added 37 features (36 geocoded).
	Total = 8547
164: St Helens Council (st_helens_council)
	Parsing web page using scrapers/st_helens_council.pl (59554 bytes)
	Added 30 features (29 geocoded).
	Total = 8577
	Processed in 14 seconds
165: Stafford Borough Council (stafford_borough_council)
	Parsing web page using scrapers/stafford_borough_council.pl (32684 bytes)
	WARNING: No features found in web page.
	Added 0 features (0 geocoded).
	Total = 8577
	Processed in 1 second
166: Staffordshire Fire and Rescue (staffordshire_fire_and_rescue)
167: Stevenage Council (stevenage_council)
168: Stockport Council (stockport_council)
169: Stockton-on-Tees Council (stockton-on-tees_council)
170: Stroud CSCIC (stroud_cscic)
	Parsing web page using scrapers/stroud_cscic.pl (185 bytes)
	WARNING: No features found in web page.
	Added 0 features (0 geocoded).
	Total = 8577
171: Suffolk - Rural Coffee Caravan (suffolk_-_rural_coffee_caravan)
	Parsing web page using scrapers/suffolk_-_rural_coffee_caravan.pl (683481 bytes)
	Added 104 features (104 geocoded).
	Total = 8681
	Processed in 1 second
172: Sunderland Council (sunderland_council)
173: Surrey County Council (surrey_county_council)
	Parsing web page using scrapers/surrey_county_council.pl (42648 bytes)
	WARNING: No features found in web page.
	Added 0 features (0 geocoded).
	Total = 8681
	Processed in 1 second
174: Sutton Council (sutton_council)
175: Swansea Council (swansea_council)
	Parsing web page using scrapers/swansea_council.pl (5426 bytes)
	WARNING: No features found in web page.
	Added 0 features (0 geocoded).
	Total = 8681
176: Swindon Council (swindon_council)
	Parsing web page using scrapers/swindon_council.pl (31912 bytes)
	Added 39 features (38 geocoded).
	Total = 8720
	Processed in 17 seconds
177: Tameside Council (tameside_council)
	Parsing web page using scrapers/tameside_council.pl (113653 bytes)
	WARNING: No JSON returned from scraper
	WARNING: No features found in web page.
	Added 0 features (0 geocoded).
	Total = 8720
	Processed in 1 second
178: Tendring Council (tendring_council)
179: Tewkesbury Council (tewkesbury_council)
	Parsing web page using scrapers/tewkesbury_council.pl (37770 bytes)
	WARNING: No features found in web page.
	Added 0 features (0 geocoded).
	Total = 8720
	Processed in 1 second
180: Tonbridge and Malling Council (tonbridge_and_malling_council)
	Parsing web page using scrapers/tonbridge_and_malling_council.pl (40965 bytes)
	Added 24 features (23 geocoded).
	Total = 8744
	Processed in 27 seconds
181: Torbay Council (torbay_council)
	Parsing web page using scrapers/torbay_council.pl (40427 bytes)
	WARNING: No features found in web page.
	Added 0 features (0 geocoded).
	Total = 8744
182: Vale of Glamorgan Council (vale_of_glamorgan_council)
	Processing GeoJSON
	Added 30 features (30 geocoded).
	Total = 8774
	Processed in 1 second
183: Voluntary Action Islington (voluntary_action_islington)
	Parsing web page using scrapers/voluntary_action_islington.pl (103010 bytes)
	Added 27 features (25 geocoded).
	Total = 8801
	Processed in 3 seconds
184: Wakefield Council (wakefield_council)
185: Wandsworth Council (wandsworth_council)
	Parsing web page using scrapers/wandsworth_council.pl (160158 bytes)
	Added 73 features (73 geocoded).
	Total = 8874
	Processed in 1 second
186: Warwickshire Rural Council (warwickshire_rural_council)
	Parsing web page using scrapers/warwickshire_rural_council.pl (17738 bytes)
	WARNING: No features found in web page.
	Added 0 features (0 geocoded).
	Total = 8874
	Processed in 1 second
187: West Berkshire Council (west_berkshire_council)
	Processing GeoJSON
	WARNING: No features for West Berkshire Council
	Added 0 features (0 geocoded).
	Total = 8874
	Processed in 1 second
188: West Devon Council (west_devon_council)
189: West Dunbartonshire Council (west_dunbartonshire_council)
	Parsing web page using scrapers/west_dunbartonshire_council.pl (32345 bytes)
	Added 16 features (14 geocoded).
	Total = 8890
	Processed in 1 second
190: West Northamptonshire (west_northamptonshire)
	Parsing web page using scrapers/west_northamptonshire.pl (46628 bytes)
	Added 167 features (162 geocoded).
	Total = 9057
	Processed in 7 seconds
191: Westminster Council (westminster_council)
	Parsing web page using scrapers/westminster_council.pl (34025 bytes)
	WARNING: No features found in web page.
	Parsing web page using scrapers/westminster_council.pl (34025 bytes)
	WARNING: No features found in web page.
	Parsing web page using scrapers/westminster_council.pl (34025 bytes)
	WARNING: No features found in web page.
	Parsing web page using scrapers/westminster_council.pl (34025 bytes)
	WARNING: No features found in web page.
	Added 0 features (0 geocoded).
	Total = 9057
	Processed in 3 seconds
192: Westmorland Council (westmorland_council)
	Parsing web page using scrapers/westmorland_council.pl (207096 bytes)
	Added 74 features (74 geocoded).
	Total = 9131
	Processed in 28 seconds
193: Wigan Council (wigan_council)
194: Wiltshire Council (wiltshire_council)
195: Wokingham Council (wokingham_council)
196: Wolverhampton Council (wolverhampton_council)
197: Worcestershire Council (worcestershire_council)
198: Live Well York (live_well_york)
	Parsing web page using scrapers/live_well_york.pl (21723 bytes)
	WARNING: No features found in web page.
	Added 0 features (0 geocoded).
	Total = 9131
	Processed in 1 second
Added 9131 features in total (8835 geocoded from 78 directories).
